<?xml version="1.0" encoding="UTF-8"?>
<testsuite name="br.com.leafcare.PredictionPolicyTest" tests="4" skipped="0" failures="0" errors="0" timestamp="2026-09-10T22:54:18" hostname="localhost" time="0.051">
  <properties/>
  <testcase name="pixelContractMatchesPythonGoldenFile" classname="br.com.leafcare.PredictionPolicyTest" time="0.044"/>
  <testcase name="thresholdBoundary" classname="br.com.leafcare.PredictionPolicyTest" time="0.001"/>
  <testcase name="invalidScoresFail" classname="br.com.leafcare.PredictionPolicyTest" time="0.003"/>
  <testcase name="top3PreservesScoresAndStableTies" classname="br.com.leafcare.PredictionPolicyTest" time="0.003"/>
  <system-out><![CDATA[]]></system-out>
  <system-err><![CDATA[]]></system-err>
</testsuite>
